Using pre-set license
Built from '2020.3/staging' branch; Version is '2020.3.26f1 (7298b473bc1a) revision 7510196'; Using compiler version '192528614'; Build Type 'Release'
OS: 'Windows 10  (10.0.19042) 64bit Professional' Language: 'fr' Physical Memory: 16276 MB
BatchMode: 1, IsHumanControllingUs: 0, StartBugReporterOnCrash: 0, Is64bit: 1, IsPro: 0

COMMAND LINE ARGUMENTS:
C:\Program Files\Unity Core\2020.3.26f1\Editor\Unity.exe
-adb2
-batchMode
-noUpm
-name
AssetImportWorker0
-projectPath
A:/ETIENNEDocuments/GitHub/Code-Game-Jam-2022/Nautilus_Rush
-logFile
Logs/AssetImportWorker0.log
-srvPort
61302
Successfully changed project path to: A:/ETIENNEDocuments/GitHub/Code-Game-Jam-2022/Nautilus_Rush
A:/ETIENNEDocuments/GitHub/Code-Game-Jam-2022/Nautilus_Rush
Using Asset Import Pipeline V2.
Refreshing native plugins compatible for Editor in 74.44 ms, found 3 plugins.
Preloading 0 native plugins for Editor in 0.00 ms.
Initialize engine version: 2020.3.26f1 (7298b473bc1a)
[Subsystems] Discovering subsystems at path C:/Program Files/Unity Core/2020.3.26f1/Editor/Data/Resources/UnitySubsystems
[Subsystems] Discovering subsystems at path A:/ETIENNEDocuments/GitHub/Code-Game-Jam-2022/Nautilus_Rush/Assets
GfxDevice: creating device client; threaded=0
Direct3D:
    Version:  Direct3D 11.0 [level 11.1]
    Renderer: NVIDIA GeForce GTX 1050 (ID=0x1c8d)
    Vendor:   
    VRAM:     1979 MB
    Driver:   30.0.14.9729
Initialize mono
Mono path[0] = 'C:/Program Files/Unity Core/2020.3.26f1/Editor/Data/Managed'
Mono path[1] = 'C:/Program Files/Unity Core/2020.3.26f1/Editor/Data/MonoBleedingEdge/lib/mono/unityjit'
Mono config path = 'C:/Program Files/Unity Core/2020.3.26f1/Editor/Data/MonoBleedingEdge/etc'
Using monoOptions --debugger-agent=transport=dt_socket,embedding=1,server=y,suspend=n,address=127.0.0.1:56908
Begin MonoManager ReloadAssembly
Registering precompiled unity dll's ...
Register platform support module: C:/Program Files/Unity Core/2020.3.26f1/Editor/Data/PlaybackEngines/WebGLSupport/UnityEditor.WebGL.Extensions.dll
Register platform support module: C:/Program Files/Unity Core/2020.3.26f1/Editor/Data/PlaybackEngines/WindowsStandaloneSupport/UnityEditor.WindowsStandalone.Extensions.dll
Registered in 0.007565 seconds.
Native extension for WindowsStandalone target not found
Native extension for WebGL target not found
Refreshing native plugins compatible for Editor in 82.20 ms, found 3 plugins.
Preloading 0 native plugins for Editor in 0.00 ms.
Mono: successfully reloaded assembly
- Completed reload, in  1.022 seconds
Domain Reload Profiling:
	ReloadAssembly (1023ms)
		BeginReloadAssembly (100ms)
			ExecutionOrderSort (0ms)
			DisableScriptedObjects (0ms)
			BackupInstance (0ms)
			ReleaseScriptingObjects (0ms)
			CreateAndSetChildDomain (1ms)
		EndReloadAssembly (789ms)
			LoadAssemblies (97ms)
			RebuildTransferFunctionScriptingTraits (0ms)
			SetupTypeCache (236ms)
			ReleaseScriptCaches (0ms)
			RebuildScriptCaches (55ms)
			SetupLoadedEditorAssemblies (320ms)
				LogAssemblyErrors (0ms)
				InitializePlatformSupportModulesInManaged (7ms)
				SetLoadedEditorAssemblies (3ms)
				RefreshPlugins (82ms)
				BeforeProcessingInitializeOnLoad (25ms)
				ProcessInitializeOnLoadAttributes (131ms)
				ProcessInitializeOnLoadMethodAttributes (72ms)
				AfterProcessingInitializeOnLoad (0ms)
				EditorAssembliesLoaded (1ms)
			ExecutionOrderSort2 (0ms)
			AwakeInstancesAfterBackupRestoration (0ms)
Platform modules already initialized, skipping
Registering precompiled user dll's ...
Registered in 0.010492 seconds.
Begin MonoManager ReloadAssembly
Native extension for WindowsStandalone target not found
Native extension for WebGL target not found
Refreshing native plugins compatible for Editor in 66.59 ms, found 3 plugins.
Preloading 0 native plugins for Editor in 0.00 ms.
Mono: successfully reloaded assembly
- Completed reload, in  1.864 seconds
Domain Reload Profiling:
	ReloadAssembly (1865ms)
		BeginReloadAssembly (243ms)
			ExecutionOrderSort (0ms)
			DisableScriptedObjects (8ms)
			BackupInstance (0ms)
			ReleaseScriptingObjects (0ms)
			CreateAndSetChildDomain (33ms)
		EndReloadAssembly (1493ms)
			LoadAssemblies (184ms)
			RebuildTransferFunctionScriptingTraits (0ms)
			SetupTypeCache (477ms)
			ReleaseScriptCaches (1ms)
			RebuildScriptCaches (88ms)
			SetupLoadedEditorAssemblies (554ms)
				LogAssemblyErrors (0ms)
				InitializePlatformSupportModulesInManaged (6ms)
				SetLoadedEditorAssemblies (0ms)
				RefreshPlugins (67ms)
				BeforeProcessingInitializeOnLoad (123ms)
				ProcessInitializeOnLoadAttributes (315ms)
				ProcessInitializeOnLoadMethodAttributes (30ms)
				AfterProcessingInitializeOnLoad (12ms)
				EditorAssembliesLoaded (0ms)
			ExecutionOrderSort2 (0ms)
			AwakeInstancesAfterBackupRestoration (11ms)
Platform modules already initialized, skipping
========================================================================
Worker process is ready to serve import requests
Launched and connected shader compiler UnityShaderCompiler.exe after 0.10 seconds
Refreshing native plugins compatible for Editor in 0.68 ms, found 3 plugins.
Preloading 0 native plugins for Editor in 0.00 ms.
Unloading 2206 Unused Serialized files (Serialized files now loaded: 0)
System memory in use before: 96.1 MB.
System memory in use after: 96.2 MB.

Unloading 28 unused Assets to reduce memory usage. Loaded Objects now: 2639.
Total: 3.969200 ms (FindLiveObjects: 0.228000 ms CreateObjectMapping: 0.133500 ms MarkObjects: 3.518000 ms  DeleteObjects: 0.087800 ms)

AssetImportParameters requested are different than current active one (requested -> active):
  custom:framework-win-MediaFoundation: 216162199b28c13a410421893ffa2e32 -> 
  custom:video-decoder-ogg-theora: a1e56fd34408186e4bbccfd4996cb3dc -> 
  custom:container-muxer-webm: aa71ff27fc2769a1b78a27578f13a17b -> 
  custom:container-demuxer-webm: 4f35f7cbe854078d1ac9338744f61a02 -> 
  custom:container-demuxer-ogg: 62fdf1f143b41e24485cea50d1cbac27 -> 
  custom:video-encoder-webm-vp8: eb34c28f22e8b96e1ab97ce403110664 -> 
  custom:video-codec-MediaFoundation-h265: 746d11721c4dcdbdad8f713fa42b33f4 -> 
  custom:video-decoder-webm-vp8: 9c59270c3fd7afecdb556c50c9e8de78 -> 
  custom:audio-decoder-ogg-vorbis: bf7c407c2cedff20999df2af8eb42d56 -> 
  custom:audio-encoder-webm-vorbis: bf7c407c2cedff20999df2af8eb42d56 -> 
========================================================================
Received Import Request.
  path: Assets/Underwater Diving
  artifactKey: Guid(a19fd6d044ef1b04ebd4b5d6e298fae6) Importer(815301076,1909f56bfc062723c751e8b465ee728b)
Start importing Assets/Underwater Diving using Guid(a19fd6d044ef1b04ebd4b5d6e298fae6) Importer(815301076,1909f56bfc062723c751e8b465ee728b)  -> (artifact id: '38c35003afbb48a72eef6fa1b65132b1') in 0.008679 seconds 
  Import took 0.013150 seconds .

========================================================================
Received Import Request.
  Time since last request: 76.680219 seconds.
  path: Assets/Underwater Diving/Art
  artifactKey: Guid(78372dad305024e4ca80950c42cbdcb9) Importer(815301076,1909f56bfc062723c751e8b465ee728b)
Start importing Assets/Underwater Diving/Art using Guid(78372dad305024e4ca80950c42cbdcb9) Importer(815301076,1909f56bfc062723c751e8b465ee728b)  -> (artifact id: '4a1a7afed7ad66a897efc5ab0bba6ebb') in 0.004431 seconds 
  Import took 0.107751 seconds .

========================================================================
Received Import Request.
  Time since last request: 2.564786 seconds.
  path: Assets/Underwater Diving/Art/environment
  artifactKey: Guid(cb65a2e35da154aeaa9332243577cb6c) Importer(815301076,1909f56bfc062723c751e8b465ee728b)
Start importing Assets/Underwater Diving/Art/environment using Guid(cb65a2e35da154aeaa9332243577cb6c) Importer(815301076,1909f56bfc062723c751e8b465ee728b)  -> (artifact id: '2b8318e5b9f5023317d4af012b416f7c') in 0.003024 seconds 
  Import took 0.109943 seconds .

========================================================================
Received Import Request.
  Time since last request: 0.227754 seconds.
  path: Assets/Underwater Diving/Art/environment/background.png
  artifactKey: Guid(cbb5acb5e6a8d4ad195e8d4ab37a8741) Importer(815301076,1909f56bfc062723c751e8b465ee728b)
Start importing Assets/Underwater Diving/Art/environment/background.png using Guid(cbb5acb5e6a8d4ad195e8d4ab37a8741) Importer(815301076,1909f56bfc062723c751e8b465ee728b)  -> (artifact id: 'e893343da23a3fbcc2acceae7656db9d') in 0.196278 seconds 
  Import took 0.200876 seconds .

========================================================================
Received Import Request.
  Time since last request: 0.000340 seconds.
  path: Assets/Underwater Diving/Art/environment/tiles.png
  artifactKey: Guid(5b55c74b8e9ea43a29f951378cf9eb1c) Importer(815301076,1909f56bfc062723c751e8b465ee728b)
Start importing Assets/Underwater Diving/Art/environment/tiles.png using Guid(5b55c74b8e9ea43a29f951378cf9eb1c) Importer(815301076,1909f56bfc062723c751e8b465ee728b)  -> (artifact id: 'a9eb0375a294e3bcd165214ae7ad9129') in 0.124973 seconds 
  Import took 0.128497 seconds .

========================================================================
Received Import Request.
  Time since last request: 0.000283 seconds.
  path: Assets/Underwater Diving/Art/environment/props.png
  artifactKey: Guid(339ae30d784fb4471baf2f068096b394) Importer(815301076,1909f56bfc062723c751e8b465ee728b)
Start importing Assets/Underwater Diving/Art/environment/props.png using Guid(339ae30d784fb4471baf2f068096b394) Importer(815301076,1909f56bfc062723c751e8b465ee728b)  -> (artifact id: '73cd19c8dd21aeb9a0ff23034428a6ab') in 0.070938 seconds 
  Import took 0.135422 seconds .

========================================================================
Received Import Request.
  Time since last request: 0.000332 seconds.
  path: Assets/Underwater Diving/Art/environment/midground.png
  artifactKey: Guid(6fc4dcfbb981e4214a6fe5a2efaf6481) Importer(815301076,1909f56bfc062723c751e8b465ee728b)
Start importing Assets/Underwater Diving/Art/environment/midground.png using Guid(6fc4dcfbb981e4214a6fe5a2efaf6481) Importer(815301076,1909f56bfc062723c751e8b465ee728b)  -> (artifact id: '86c89d36edf10016fab55e3cb9974a37') in 0.029801 seconds 
  Import took 0.033585 seconds .

========================================================================
Received Import Request.
  Time since last request: 82.093998 seconds.
  path: Assets/Underwater Diving/Art/environment/props.png
  artifactKey: Guid(339ae30d784fb4471baf2f068096b394) Importer(815301076,1909f56bfc062723c751e8b465ee728b)
Start importing Assets/Underwater Diving/Art/environment/props.png using Guid(339ae30d784fb4471baf2f068096b394) Importer(815301076,1909f56bfc062723c751e8b465ee728b)  -> (artifact id: 'ce60836f79ca68fd7b7a189c21b276ec') in 0.074622 seconds 
  Import took 0.096899 seconds .

========================================================================
Received Import Request.
  Time since last request: 367.327682 seconds.
  path: Assets/Underwater Diving/Art/environment/tiles.png
  artifactKey: Guid(5b55c74b8e9ea43a29f951378cf9eb1c) Importer(815301076,1909f56bfc062723c751e8b465ee728b)
Start importing Assets/Underwater Diving/Art/environment/tiles.png using Guid(5b55c74b8e9ea43a29f951378cf9eb1c) Importer(815301076,1909f56bfc062723c751e8b465ee728b)  -> (artifact id: 'd6ee6de93433db9cbef4ca206b1939e8') in 0.190055 seconds 
  Import took 0.195031 seconds .

========================================================================
Received Import Request.
  Time since last request: 50.334263 seconds.
  path: Assets/Underwater Diving/Art/Misc
  artifactKey: Guid(f380c956f3a164165af8a5e0a47df1b8) Importer(815301076,1909f56bfc062723c751e8b465ee728b)
Start importing Assets/Underwater Diving/Art/Misc using Guid(f380c956f3a164165af8a5e0a47df1b8) Importer(815301076,1909f56bfc062723c751e8b465ee728b)  -> (artifact id: 'c1753189989edf720d5174a01fcd3083') in 0.003815 seconds 
  Import took 0.009204 seconds .

========================================================================
Received Import Request.
  Time since last request: 0.036847 seconds.
  path: Assets/Underwater Diving/Art/Misc/instructions.png
  artifactKey: Guid(a3dd472c2ee164fe68bc5d4a53c3c37a) Importer(815301076,1909f56bfc062723c751e8b465ee728b)
Start importing Assets/Underwater Diving/Art/Misc/instructions.png using Guid(a3dd472c2ee164fe68bc5d4a53c3c37a) Importer(815301076,1909f56bfc062723c751e8b465ee728b)  -> (artifact id: 'fac38e67eedb9d748b663e8b7b9c1104') in 0.019463 seconds 
  Import took 0.124049 seconds .

========================================================================
Received Import Request.
  Time since last request: 0.000372 seconds.
  path: Assets/Underwater Diving/Art/Misc/title-corner.png
  artifactKey: Guid(b53e745aaa95f42fb8401a0c6ad74db9) Importer(815301076,1909f56bfc062723c751e8b465ee728b)
Start importing Assets/Underwater Diving/Art/Misc/title-corner.png using Guid(b53e745aaa95f42fb8401a0c6ad74db9) Importer(815301076,1909f56bfc062723c751e8b465ee728b)  -> (artifact id: '14e4041ef1e90713f54e332402482bef') in 0.016372 seconds 
  Import took 0.029121 seconds .

========================================================================
Received Import Request.
  Time since last request: 0.000568 seconds.
  path: Assets/Underwater Diving/Art/Misc/title-disclaimer.png
  artifactKey: Guid(b5b1d2f70c86b4444b946ee577459fb7) Importer(815301076,1909f56bfc062723c751e8b465ee728b)
Start importing Assets/Underwater Diving/Art/Misc/title-disclaimer.png using Guid(b5b1d2f70c86b4444b946ee577459fb7) Importer(815301076,1909f56bfc062723c751e8b465ee728b)  -> (artifact id: 'a89c32a6342e424cd4923f65b582a75e') in 0.015625 seconds 
  Import took 0.020938 seconds .

========================================================================
Received Import Request.
  Time since last request: 0.000329 seconds.
  path: Assets/Underwater Diving/Art/Misc/title-press-enter.png
  artifactKey: Guid(167de967073da4f1d8f641f2de98687b) Importer(815301076,1909f56bfc062723c751e8b465ee728b)
Start importing Assets/Underwater Diving/Art/Misc/title-press-enter.png using Guid(167de967073da4f1d8f641f2de98687b) Importer(815301076,1909f56bfc062723c751e8b465ee728b)  -> (artifact id: '8d82304477eac90d3463c7d2482caf48') in 0.016671 seconds 
  Import took 0.023417 seconds .

========================================================================
Received Import Request.
  Time since last request: 0.000482 seconds.
  path: Assets/Underwater Diving/Art/Misc/title-screen.png
  artifactKey: Guid(ea49417686dd04fd49801b6e01382d8b) Importer(815301076,1909f56bfc062723c751e8b465ee728b)
Start importing Assets/Underwater Diving/Art/Misc/title-screen.png using Guid(ea49417686dd04fd49801b6e01382d8b) Importer(815301076,1909f56bfc062723c751e8b465ee728b)  -> (artifact id: '696ab987d35ea55fd8813a39e6030e52') in 0.015920 seconds 
  Import took 0.020883 seconds .

========================================================================
Received Import Request.
  Time since last request: 3.068108 seconds.
  path: Assets/Underwater Diving/Prefabs
  artifactKey: Guid(c990ba987eae942e69b59dd7920e4af9) Importer(815301076,1909f56bfc062723c751e8b465ee728b)
Start importing Assets/Underwater Diving/Prefabs using Guid(c990ba987eae942e69b59dd7920e4af9) Importer(815301076,1909f56bfc062723c751e8b465ee728b)  -> (artifact id: 'b9e0a077cee4552285d336a7450a6650') in 0.004242 seconds 
  Import took 0.008845 seconds .

========================================================================
Received Import Request.
  Time since last request: 0.994034 seconds.
  path: Assets/Underwater Diving/Prefabs/Sprites
  artifactKey: Guid(94a30724986e5480490be06dbf087234) Importer(815301076,1909f56bfc062723c751e8b465ee728b)
Start importing Assets/Underwater Diving/Prefabs/Sprites using Guid(94a30724986e5480490be06dbf087234) Importer(815301076,1909f56bfc062723c751e8b465ee728b)  -> (artifact id: '5f839c6679685078d611b05fa1374dc9') in 0.003692 seconds 
  Import took 0.008627 seconds .

========================================================================
Received Import Request.
  Time since last request: 0.073731 seconds.
  path: Assets/Underwater Diving/Prefabs/Sprites/Bubbles.prefab
  artifactKey: Guid(e969aaa734be044efad60bd50e7fb070) Importer(815301076,1909f56bfc062723c751e8b465ee728b)
Start importing Assets/Underwater Diving/Prefabs/Sprites/Bubbles.prefab using Guid(e969aaa734be044efad60bd50e7fb070) Importer(815301076,1909f56bfc062723c751e8b465ee728b)  -> (artifact id: '0e5b89627b5c41ec715716eb0518d9a5') in 0.050443 seconds 
  Import took 0.054737 seconds .

========================================================================
Received Import Request.
  Time since last request: 0.000394 seconds.
  path: Assets/Underwater Diving/Prefabs/Sprites/FishDart.prefab
  artifactKey: Guid(c231678582e304fdcb4f4b47b37c2264) Importer(815301076,1909f56bfc062723c751e8b465ee728b)
Start importing Assets/Underwater Diving/Prefabs/Sprites/FishDart.prefab using Guid(c231678582e304fdcb4f4b47b37c2264) Importer(815301076,1909f56bfc062723c751e8b465ee728b)  -> (artifact id: '1b6b8050d9908c7421b6231b87b73160') in 0.020072 seconds 
  Import took 0.025089 seconds .

========================================================================
Received Import Request.
  Time since last request: 0.000358 seconds.
  path: Assets/Underwater Diving/Prefabs/Sprites/ExplosionSmall.prefab
  artifactKey: Guid(79ae1666b15c548bbae03bb4b9b33d2a) Importer(815301076,1909f56bfc062723c751e8b465ee728b)
Start importing Assets/Underwater Diving/Prefabs/Sprites/ExplosionSmall.prefab using Guid(79ae1666b15c548bbae03bb4b9b33d2a) Importer(815301076,1909f56bfc062723c751e8b465ee728b)  -> (artifact id: '260baf31fde124d6f7bac7eeb7c15c62') in 0.015258 seconds 
  Import took 0.019487 seconds .

========================================================================
Received Import Request.
  Time since last request: 0.000374 seconds.
  path: Assets/Underwater Diving/Prefabs/Sprites/ExplosionBig.prefab
  artifactKey: Guid(93d9044f70fa94301b9f491903e8e410) Importer(815301076,1909f56bfc062723c751e8b465ee728b)
Start importing Assets/Underwater Diving/Prefabs/Sprites/ExplosionBig.prefab using Guid(93d9044f70fa94301b9f491903e8e410) Importer(815301076,1909f56bfc062723c751e8b465ee728b)  -> (artifact id: 'd94f3c5a0fd9fbd6280d283edf522f77') in 0.017367 seconds 
  Import took 0.024338 seconds .

========================================================================
Received Import Request.
  Time since last request: 0.000340 seconds.
  path: Assets/Underwater Diving/Prefabs/Sprites/Mine.prefab
  artifactKey: Guid(3c90ee8e6b81b43d1b29519e9e725d59) Importer(815301076,1909f56bfc062723c751e8b465ee728b)
Start importing Assets/Underwater Diving/Prefabs/Sprites/Mine.prefab using Guid(3c90ee8e6b81b43d1b29519e9e725d59) Importer(815301076,1909f56bfc062723c751e8b465ee728b)  -> (artifact id: 'e927829cb460d1371229db3c3ec0aa23') in 0.016106 seconds 
  Import took 0.021933 seconds .

========================================================================
Received Import Request.
  Time since last request: 0.000278 seconds.
  path: Assets/Underwater Diving/Prefabs/Sprites/Explosion.prefab
  artifactKey: Guid(4a852642d7a224693bdcb167cd0efc82) Importer(815301076,1909f56bfc062723c751e8b465ee728b)
Start importing Assets/Underwater Diving/Prefabs/Sprites/Explosion.prefab using Guid(4a852642d7a224693bdcb167cd0efc82) Importer(815301076,1909f56bfc062723c751e8b465ee728b)  -> (artifact id: '93053f26f9aeff6794469080be421024') in 0.015401 seconds 
  Import took 0.021000 seconds .

========================================================================
Received Import Request.
  Time since last request: 0.000217 seconds.
  path: Assets/Underwater Diving/Prefabs/Sprites/FishBig.prefab
  artifactKey: Guid(9e1982b2bcf354f7dbcfea8976c3b503) Importer(815301076,1909f56bfc062723c751e8b465ee728b)
Start importing Assets/Underwater Diving/Prefabs/Sprites/FishBig.prefab using Guid(9e1982b2bcf354f7dbcfea8976c3b503) Importer(815301076,1909f56bfc062723c751e8b465ee728b)  -> (artifact id: '64b8636b1b74c015729e69b7bafdd67c') in 0.013566 seconds 
  Import took 0.047684 seconds .

========================================================================
Received Import Request.
  Time since last request: 0.000205 seconds.
  path: Assets/Underwater Diving/Prefabs/Sprites/MineSmall.prefab
  artifactKey: Guid(3d5ddb7d08e7a4a2187a92f5a9bd05ab) Importer(815301076,1909f56bfc062723c751e8b465ee728b)
Start importing Assets/Underwater Diving/Prefabs/Sprites/MineSmall.prefab using Guid(3d5ddb7d08e7a4a2187a92f5a9bd05ab) Importer(815301076,1909f56bfc062723c751e8b465ee728b)  -> (artifact id: '1587cfe47399ca8a3082557ada17c2ee') in 0.014214 seconds 
  Import took 0.020641 seconds .

========================================================================
Received Import Request.
  Time since last request: 0.000457 seconds.
  path: Assets/Underwater Diving/Prefabs/Sprites/EnemyDeath.prefab
  artifactKey: Guid(b22a24e39bda14f3bb2b1feb1d07ee14) Importer(815301076,1909f56bfc062723c751e8b465ee728b)
Start importing Assets/Underwater Diving/Prefabs/Sprites/EnemyDeath.prefab using Guid(b22a24e39bda14f3bb2b1feb1d07ee14) Importer(815301076,1909f56bfc062723c751e8b465ee728b)  -> (artifact id: '8019dc56556e83d0b9a18d999dbe354a') in 0.014561 seconds 
  Import took 0.022239 seconds .

========================================================================
Received Import Request.
  Time since last request: 0.000232 seconds.
  path: Assets/Underwater Diving/Prefabs/Sprites/MineBig.prefab
  artifactKey: Guid(962cfdd592b6e44938a214becadcb0cb) Importer(815301076,1909f56bfc062723c751e8b465ee728b)
Start importing Assets/Underwater Diving/Prefabs/Sprites/MineBig.prefab using Guid(962cfdd592b6e44938a214becadcb0cb) Importer(815301076,1909f56bfc062723c751e8b465ee728b)  -> (artifact id: '498767cfadcf36de225e3cd814e86d9b') in 0.015817 seconds 
  Import took 0.021535 seconds .

========================================================================
Received Import Request.
  Time since last request: 0.000266 seconds.
  path: Assets/Underwater Diving/Prefabs/Sprites/FishMid.prefab
  artifactKey: Guid(d44e26ae803d04779a1c713330506a83) Importer(815301076,1909f56bfc062723c751e8b465ee728b)
Start importing Assets/Underwater Diving/Prefabs/Sprites/FishMid.prefab using Guid(d44e26ae803d04779a1c713330506a83) Importer(815301076,1909f56bfc062723c751e8b465ee728b)  -> (artifact id: 'be400ab09e9e8c32d92d0dabad8a28cd') in 0.014039 seconds 
  Import took 0.019095 seconds .

========================================================================
Received Import Request.
  Time since last request: 2.004800 seconds.
  path: Assets/Underwater Diving/Prefabs/Environment
  artifactKey: Guid(f2e3496aaf60246d5b002efd2d2f4936) Importer(815301076,1909f56bfc062723c751e8b465ee728b)
Start importing Assets/Underwater Diving/Prefabs/Environment using Guid(f2e3496aaf60246d5b002efd2d2f4936) Importer(815301076,1909f56bfc062723c751e8b465ee728b)  -> (artifact id: '0122e918aac29938a5c40d53c3d5bb70') in 0.003788 seconds 
  Import took 0.009395 seconds .

========================================================================
Received Import Request.
  Time since last request: 0.089009 seconds.
  path: Assets/Underwater Diving/Prefabs/Environment/bottom-3.prefab
  artifactKey: Guid(b385501bc5c8d48da873e99935a3b9bf) Importer(815301076,1909f56bfc062723c751e8b465ee728b)
Start importing Assets/Underwater Diving/Prefabs/Environment/bottom-3.prefab using Guid(b385501bc5c8d48da873e99935a3b9bf) Importer(815301076,1909f56bfc062723c751e8b465ee728b)  -> (artifact id: '653e4e6419b330047ef0aefdf002423d') in 0.011934 seconds 
  Import took 0.016897 seconds .

========================================================================
Received Import Request.
  Time since last request: 0.000544 seconds.
  path: Assets/Underwater Diving/Prefabs/Environment/top-4.prefab
  artifactKey: Guid(1c4b933699f92405c94762bbbcf6722a) Importer(815301076,1909f56bfc062723c751e8b465ee728b)
Start importing Assets/Underwater Diving/Prefabs/Environment/top-4.prefab using Guid(1c4b933699f92405c94762bbbcf6722a) Importer(815301076,1909f56bfc062723c751e8b465ee728b)  -> (artifact id: 'a47ba4b678a929b026b8a76b78247dda') in 0.018333 seconds 
  Import took 0.025389 seconds .

========================================================================
Received Import Request.
  Time since last request: 0.000398 seconds.
  path: Assets/Underwater Diving/Prefabs/Environment/Static Background.prefab
  artifactKey: Guid(e430c0c813087499f9173e109a11c46a) Importer(815301076,1909f56bfc062723c751e8b465ee728b)
Start importing Assets/Underwater Diving/Prefabs/Environment/Static Background.prefab using Guid(e430c0c813087499f9173e109a11c46a) Importer(815301076,1909f56bfc062723c751e8b465ee728b)  -> (artifact id: '9ec08aa825d57b2f72ec74765aa63476') in 0.014578 seconds 
  Import took 0.019931 seconds .

========================================================================
Received Import Request.
  Time since last request: 0.000435 seconds.
  path: Assets/Underwater Diving/Prefabs/Environment/FloatingPlatform.prefab
  artifactKey: Guid(558dd30cadc8e40dabe68aa1757a45c4) Importer(815301076,1909f56bfc062723c751e8b465ee728b)
Start importing Assets/Underwater Diving/Prefabs/Environment/FloatingPlatform.prefab using Guid(558dd30cadc8e40dabe68aa1757a45c4) Importer(815301076,1909f56bfc062723c751e8b465ee728b)  -> (artifact id: '77a139b55cbe511dd6d1a735cfbcbac8') in 0.016390 seconds 
  Import took 0.022438 seconds .

========================================================================
Received Import Request.
  Time since last request: 0.000543 seconds.
  path: Assets/Underwater Diving/Prefabs/Environment/top-2.prefab
  artifactKey: Guid(18708289733dd469db6ae9b9d5cd8d0f) Importer(815301076,1909f56bfc062723c751e8b465ee728b)
Start importing Assets/Underwater Diving/Prefabs/Environment/top-2.prefab using Guid(18708289733dd469db6ae9b9d5cd8d0f) Importer(815301076,1909f56bfc062723c751e8b465ee728b)  -> (artifact id: 'b40974e4c9f126d26ddd849c42b241ff') in 0.013700 seconds 
  Import took 0.023463 seconds .

========================================================================
Received Import Request.
  Time since last request: 0.000373 seconds.
  path: Assets/Underwater Diving/Prefabs/Environment/Parallax Background.prefab
  artifactKey: Guid(321c07a5812564f41aa4a38670843220) Importer(815301076,1909f56bfc062723c751e8b465ee728b)
Start importing Assets/Underwater Diving/Prefabs/Environment/Parallax Background.prefab using Guid(321c07a5812564f41aa4a38670843220) Importer(815301076,1909f56bfc062723c751e8b465ee728b)  -> (artifact id: '965805ddfe6c616ca63a6b301279d47e') in 0.018898 seconds 
  Import took 0.038370 seconds .

========================================================================
Received Import Request.
  Time since last request: 52.420968 seconds.
  path: Assets/Underwater Diving/Art/environment/tiles.png
  artifactKey: Guid(5b55c74b8e9ea43a29f951378cf9eb1c) Importer(815301076,1909f56bfc062723c751e8b465ee728b)
Start importing Assets/Underwater Diving/Art/environment/tiles.png using Guid(5b55c74b8e9ea43a29f951378cf9eb1c) Importer(815301076,1909f56bfc062723c751e8b465ee728b)  -> (artifact id: 'ff9460f279ff0ca2ad47e8190d420c28') in 0.090064 seconds 
  Import took 0.195261 seconds .

AssetImportWorkerClient::OnTransportError - code=2 error=End of file
